<?xml version="1.0" encoding="UTF-8"?>
<!-- Generated by org.testng.reporters.JUnitReportReporter -->
<testsuite hostname="LAPTOP-GDC42HQ4" failures="0" tests="1" name="com.inetbanking.testCases.TC_LoginTest_001" time="2.103" errors="0" timestamp="25 Dec 2023 04:20:01 GMT" skipped="0">
  <testcase classname="com.inetbanking.testCases.TC_LoginTest_001" name="loginTest" time="2.103"/>
</testsuite> <!-- com.inetbanking.testCases.TC_LoginTest_001 -->
