<?xml version="1.0" encoding="UTF-8"?>
<!-- Generated by org.testng.reporters.JUnitReportReporter -->
<testsuite hostname="LAPTOP-GDC42HQ4" failures="0" tests="1" name="com.inetbanking.testCases.TC_DeleteCustomerTest_005" time="8.485" errors="0" timestamp="23 Dec 2023 04:36:22 GMT" skipped="0">
  <testcase classname="com.inetbanking.testCases.TC_DeleteCustomerTest_005" name="deleteExistingCustomer" time="8.485"/>
</testsuite> <!-- com.inetbanking.testCases.TC_DeleteCustomerTest_005 -->
