<?xml version="1.0" encoding="UTF-8"?>
<!-- Generated by org.testng.reporters.JUnitReportReporter -->
<testsuite hostname="LAPTOP-GDC42HQ4" failures="0" tests="1" name="com.inetbanking.testCases.TC_WithdrawMoneyFromAccountTest_010" time="12.607" errors="0" timestamp="25 Dec 2023 02:41:34 GMT" skipped="0">
  <testcase classname="com.inetbanking.testCases.TC_WithdrawMoneyFromAccountTest_010" name="withdrawMoney" time="12.607"/>
</testsuite> <!-- com.inetbanking.testCases.TC_WithdrawMoneyFromAccountTest_010 -->
